<?xml version="1.0" encoding="UTF-8"?>
<testng-results skipped="0" failed="0" total="1" passed="1">
  <reporter-output>
  </reporter-output>
  <suite name="Default suite" duration-ms="8946" started-at="2019-09-25T02:28:43Z" finished-at="2019-09-25T02:28:52Z">
    <groups>
    </groups>
    <test name="Default test" duration-ms="8946" started-at="2019-09-25T02:28:43Z" finished-at="2019-09-25T02:28:52Z">
      <class name="test.LoginTest">
        <test-method status="PASS" signature="TechfiosLoginTest()[pri:0, instance:test.LoginTest@6d7b4f4c]" name="TechfiosLoginTest" duration-ms="8946" started-at="2019-09-24T22:28:43Z" finished-at="2019-09-24T22:28:52Z">
          <reporter-output>
          </reporter-output>
        </test-method> <!-- TechfiosLoginTest -->
      </class> <!-- test.LoginTest -->
    </test> <!-- Default test -->
  </suite> <!-- Default suite -->
</testng-results>
